<?xml version="1.0" encoding="UTF-8"?>
<!-- Generated by org.testng.reporters.JUnitReportReporter -->
<testsuite hostname="LAPTOP-EBKF2VK0" failures="0" tests="2" name="executePageClasses.ExecuteTimeSheetPageClass" time="24.106" errors="0" timestamp="2023-07-06T00:41:15 IST" skipped="0">
  <testcase classname="executePageClasses.ExecuteTimeSheetPageClass" name="verifyCreateNewTimeSheet" time="11.150"/>
  <testcase classname="executePageClasses.ExecuteTimeSheetPageClass" name="verifyCreateNewTimeSheet" time="12.956"/>
</testsuite> <!-- executePageClasses.ExecuteTimeSheetPageClass -->
