<?xml version="1.0" encoding="UTF-8"?>
<!-- Generated by org.testng.reporters.JUnitReportReporter -->
<testsuite hostname="ARTHUR-" failures="0" tests="2" name="executePageClasses.ExexcuteClientPageClass" time="56.500" errors="0" timestamp="2023-07-26T18:16:58 IST" skipped="0">
  <testcase classname="executePageClasses.ExexcuteClientPageClass" name="verifyClientSearchInClientPage" time="17.059"/>
  <testcase classname="executePageClasses.ExexcuteClientPageClass" name="verifyCreateNewClient" time="39.441"/>
</testsuite> <!-- executePageClasses.ExexcuteClientPageClass -->
