<?xml version="1.0" encoding="UTF-8"?>
<!-- Generated by org.testng.reporters.JUnitReportReporter -->
<testsuite hostname="LAPTOP-EBKF2VK0" failures="0" tests="1" name="executePageClasses.ExecuteTimeSheetPageClass" time="26.896" errors="0" timestamp="2023-07-10T19:12:11 IST" skipped="0">
  <testcase classname="executePageClasses.ExecuteTimeSheetPageClass" name="verifyCreateNewTimeSheet" time="26.896"/>
</testsuite> <!-- executePageClasses.ExecuteTimeSheetPageClass -->
