<?xml version="1.0" encoding="UTF-8"?>
<!-- Generated by org.testng.reporters.JUnitReportReporter -->
<testsuite hostname="ARTHUR-" failures="0" tests="3" name="executePageClasses.ExecuteWorkersPageClass" time="62.061" errors="0" timestamp="2023-07-26T18:16:58 IST" skipped="0">
  <testcase classname="executePageClasses.ExecuteWorkersPageClass" name="verifyToCreateANewWorker" time="16.469"/>
  <testcase classname="executePageClasses.ExecuteWorkersPageClass" name="verifyToSearchAWorker" time="35.611"/>
  <testcase classname="executePageClasses.ExecuteWorkersPageClass" name="verifyDeleteAWorker" time="9.981"/>
</testsuite> <!-- executePageClasses.ExecuteWorkersPageClass -->
