<?xml version="1.0" encoding="UTF-8"?>
<!-- Generated by org.testng.reporters.JUnitReportReporter -->
<testsuite hostname="LAPTOP-EBKF2VK0" failures="0" tests="10" name="executePageClasses.ExecuteLoginPageClass" time="130.595" errors="0" timestamp="2023-07-06T00:29:58 IST" skipped="0">
  <testcase classname="executePageClasses.ExecuteLoginPageClass" name="verifyUnSuccessfullLogin" time="16.043"/>
  <testcase classname="executePageClasses.ExecuteLoginPageClass" name="verifySuccessfullLogin" time="25.267"/>
  <testcase classname="executePageClasses.ExecuteLoginPageClass" name="verifyTheCurrentPageIsOpenWhileHittingTheUrl" time="7.047"/>
  <testcase classname="executePageClasses.ExecuteLoginPageClass" name="verifyUnSuccessfullLogin" time="7.211"/>
  <testcase classname="executePageClasses.ExecuteLoginPageClass" name="verifyUnSuccessfullLogin" time="7.952"/>
  <testcase classname="executePageClasses.ExecuteLoginPageClass" name="verifyUnSuccessfullLogin" time="8.773"/>
  <testcase classname="executePageClasses.ExecuteLoginPageClass" name="verifyUnSuccessfullLogin" time="33.562"/>
  <testcase classname="executePageClasses.ExecuteLoginPageClass" name="verifySuccessfullLogin" time="10.885"/>
  <testcase classname="executePageClasses.ExecuteLoginPageClass" name="verifyTheCurrentPageIsOpenWhileHittingTheUrl" time="5.957"/>
  <testcase classname="executePageClasses.ExecuteLoginPageClass" name="verifyUnSuccessfullLogin" time="7.898"/>
</testsuite> <!-- executePageClasses.ExecuteLoginPageClass -->
