<?xml version="1.0" encoding="UTF-8"?>
<!-- Generated by org.testng.reporters.JUnitReportReporter -->
<testsuite hostname="LAPTOP-EBKF2VK0" failures="0" tests="5" name="executePageClasses.ExecuteLoginPageClass" time="81.349" errors="0" timestamp="2023-07-10T19:12:11 IST" skipped="0">
  <testcase classname="executePageClasses.ExecuteLoginPageClass" name="verifyUnSuccessfullLogin" time="31.771"/>
  <testcase classname="executePageClasses.ExecuteLoginPageClass" name="verifyUnSuccessfullLogin" time="7.025"/>
  <testcase classname="executePageClasses.ExecuteLoginPageClass" name="verifySuccessfullLogin" time="8.881"/>
  <testcase classname="executePageClasses.ExecuteLoginPageClass" name="verifyUnSuccessfullLogin" time="19.116"/>
  <testcase classname="executePageClasses.ExecuteLoginPageClass" name="verifyTheCurrentPageIsOpenWhileHittingTheUrl" time="14.556"/>
</testsuite> <!-- executePageClasses.ExecuteLoginPageClass -->
