<?xml version="1.0" encoding="UTF-8"?>
<!-- Generated by org.testng.reporters.JUnitReportReporter -->
<testsuite hostname="LAPTOP-EBKF2VK0" failures="0" tests="4" name="executePageClasses.ExexcuteClientPageClass" time="60.035" errors="0" timestamp="2023-07-06T00:03:46 IST" skipped="0">
  <testcase classname="executePageClasses.ExexcuteClientPageClass" name="verifyCreateNewClient" time="13.498"/>
  <testcase classname="executePageClasses.ExexcuteClientPageClass" name="verifyClientSearchInClientPage" time="26.284"/>
  <testcase classname="executePageClasses.ExexcuteClientPageClass" name="verifyClientSearchInClientPage" time="6.966"/>
  <testcase classname="executePageClasses.ExexcuteClientPageClass" name="verifyCreateNewClient" time="13.287"/>
</testsuite> <!-- executePageClasses.ExexcuteClientPageClass -->
