<?xml version="1.0" encoding="UTF-8"?>
<!-- Generated by org.testng.reporters.JUnitReportReporter -->
<testsuite hostname="LAPTOP-EBKF2VK0" failures="0" tests="4" name="executePageClasses.ExecuteDashBoardPageClass" time="103.013" errors="0" timestamp="2023-07-10T19:12:11 IST" skipped="0">
  <testcase classname="executePageClasses.ExecuteDashBoardPageClass" name="verifyLoginMessageIsDisplayedOrNot" time="6.141"/>
  <testcase classname="executePageClasses.ExecuteDashBoardPageClass" name="verifyDeductionIsOpenOrNoT" time="32.960"/>
  <testcase classname="executePageClasses.ExecuteDashBoardPageClass" name="verifyLogoInDashBoardIsDisplayedOrNot" time="54.688"/>
  <testcase classname="executePageClasses.ExecuteDashBoardPageClass" name="verifySuccessfullLogin" time="9.224"/>
</testsuite> <!-- executePageClasses.ExecuteDashBoardPageClass -->
