<?xml version="1.0" encoding="UTF-8"?>
<!-- Generated by org.testng.reporters.JUnitReportReporter -->
<testsuite hostname="DESKTOP-3M09JOB" failures="0" tests="1" name="executePageClasses.ExecuteDeductionPageClass" time="29.929" errors="0" timestamp="2023-06-20T20:37:59 IST" skipped="0">
  <testcase classname="executePageClasses.ExecuteDeductionPageClass" name="verifyToAddANewDeduction" time="29.929"/>
  <system-out/>
</testsuite> <!-- executePageClasses.ExecuteDeductionPageClass -->
