<?xml version="1.0" encoding="UTF-8"?>
<!-- Generated by org.testng.reporters.JUnitReportReporter -->
<testsuite hostname="DESKTOP-3M09JOB" failures="0" tests="3" name="executePageClasses.ExecuteWorkersPageClass" time="103.608" errors="0" timestamp="2023-06-20T20:37:59 IST" skipped="0">
  <testcase classname="executePageClasses.ExecuteWorkersPageClass" name="verifyDeleteAWorker" time="60.009"/>
  <system-out/>
  <testcase classname="executePageClasses.ExecuteWorkersPageClass" name="verifyToSearchAWorker" time="19.531"/>
  <system-out/>
  <testcase classname="executePageClasses.ExecuteWorkersPageClass" name="verifyToCreateANewWorker" time="24.068"/>
  <system-out/>
</testsuite> <!-- executePageClasses.ExecuteWorkersPageClass -->
