<?xml version="1.0" encoding="UTF-8"?>
<!-- Generated by org.testng.reporters.JUnitReportReporter -->
<testsuite hostname="LAPTOP-EBKF2VK0" failures="0" tests="2" name="executePageClasses.ExecuteDeductionPageClass" time="25.880" errors="0" timestamp="2023-07-04T14:22:41 IST" skipped="0">
  <testcase classname="executePageClasses.ExecuteDeductionPageClass" name="verifyToAddANewDeduction" time="12.416"/>
  <testcase classname="executePageClasses.ExecuteDeductionPageClass" name="verifyToAddANewDeduction" time="13.464"/>
</testsuite> <!-- executePageClasses.ExecuteDeductionPageClass -->
