<?xml version="1.0" encoding="UTF-8"?>
<!-- Generated by org.testng.reporters.JUnitReportReporter -->
<testsuite hostname="ARTHUR-" failures="0" tests="1" name="executePageClasses.ExecuteDeductionPageClass" time="12.099" errors="0" timestamp="2023-07-26T18:16:58 IST" skipped="0">
  <testcase classname="executePageClasses.ExecuteDeductionPageClass" name="verifyToAddANewDeduction" time="12.099"/>
</testsuite> <!-- executePageClasses.ExecuteDeductionPageClass -->
