<?xml version="1.0" encoding="UTF-8"?>
<!-- Generated by org.testng.reporters.JUnitReportReporter -->
<testsuite hostname="LAPTOP-EBKF2VK0" failures="0" tests="2" name="executePageClasses.ExecuteDeductionPageClass" time="31.036" errors="0" timestamp="2023-07-12T13:40:12 IST" skipped="0">
  <testcase classname="executePageClasses.ExecuteDeductionPageClass" name="verifyToAddANewDeduction" time="15.652"/>
  <testcase classname="executePageClasses.ExecuteDeductionPageClass" name="verifyToAddANewDeduction" time="15.384"/>
</testsuite> <!-- executePageClasses.ExecuteDeductionPageClass -->
