<?xml version="1.0" encoding="UTF-8"?>
<!-- Generated by org.testng.reporters.JUnitReportReporter -->
<testsuite hostname="LAPTOP-EBKF2VK0" failures="0" tests="3" name="executePageClasses.ExecuteWorkersPageClass" time="52.729" errors="0" timestamp="2023-07-10T19:12:11 IST" skipped="0">
  <testcase classname="executePageClasses.ExecuteWorkersPageClass" name="verifyToCreateANewWorker" time="12.763"/>
  <testcase classname="executePageClasses.ExecuteWorkersPageClass" name="verifyToSearchAWorker" time="25.598"/>
  <testcase classname="executePageClasses.ExecuteWorkersPageClass" name="verifyDeleteAWorker" time="14.368"/>
</testsuite> <!-- executePageClasses.ExecuteWorkersPageClass -->
