<?xml version="1.0" encoding="UTF-8"?>
<!-- Generated by org.testng.reporters.JUnitReportReporter -->
<testsuite hostname="ARTHUR-" failures="0" tests="3" name="executePageClasses.ExecuteLoginPageClass" time="45.821" errors="0" timestamp="2023-07-26T18:16:58 IST" skipped="0">
  <testcase classname="executePageClasses.ExecuteLoginPageClass" name="verifySuccessfullLogin" time="7.506"/>
  <testcase classname="executePageClasses.ExecuteLoginPageClass" name="verifyTheCurrentPageIsOpenWhileHittingTheUrl" time="31.324"/>
  <testcase classname="executePageClasses.ExecuteLoginPageClass" name="verifyUnSuccessfullLogin" time="6.991"/>
</testsuite> <!-- executePageClasses.ExecuteLoginPageClass -->
