<?xml version="1.0" encoding="UTF-8"?>
<!-- Generated by org.testng.reporters.JUnitReportReporter -->
<testsuite hostname="DESKTOP-3M09JOB" failures="0" tests="1" name="executePageClasses.ExecutePageClass" time="17.495" errors="0" timestamp="2023-06-16T20:06:24 IST" skipped="0">
  <testcase classname="executePageClasses.ExecutePageClass" name="verifyLoginMessageIsDisplayedOrNot" time="17.495"/>
  <system-out/>
</testsuite> <!-- executePageClasses.ExecutePageClass -->
