<?xml version="1.0" encoding="UTF-8"?>
<!-- Generated by org.testng.reporters.JUnitReportReporter -->
<testsuite hostname="LAPTOP-EBKF2VK0" failures="0" tests="2" name="executePageClasses.ExexcuteClientPageClass" time="44.324" errors="0" timestamp="2023-07-10T19:12:11 IST" skipped="0">
  <testcase classname="executePageClasses.ExexcuteClientPageClass" name="verifyClientSearchInClientPage" time="13.456"/>
  <testcase classname="executePageClasses.ExexcuteClientPageClass" name="verifyCreateNewClient" time="30.868"/>
</testsuite> <!-- executePageClasses.ExexcuteClientPageClass -->
