<?xml version="1.0" encoding="UTF-8"?>
<!-- Generated by org.testng.reporters.JUnitReportReporter -->
<testsuite hostname="LAPTOP-EBKF2VK0" failures="0" tests="8" name="executePageClasses.ExecuteDashBoardPageClass" time="114.161" errors="0" timestamp="2023-07-06T00:10:33 IST" skipped="0">
  <testcase classname="executePageClasses.ExecuteDashBoardPageClass" name="verifyLoginMessageIsDisplayedOrNot" time="37.786"/>
  <testcase classname="executePageClasses.ExecuteDashBoardPageClass" name="verifyDeductionIsOpenOrNoT" time="9.998"/>
  <testcase classname="executePageClasses.ExecuteDashBoardPageClass" name="verifyLogoInDashBoardIsDisplayedOrNot" time="5.985"/>
  <testcase classname="executePageClasses.ExecuteDashBoardPageClass" name="verifyLoginMessageIsDisplayedOrNot" time="23.250"/>
  <testcase classname="executePageClasses.ExecuteDashBoardPageClass" name="verifySuccessfullLogin" time="9.899"/>
  <testcase classname="executePageClasses.ExecuteDashBoardPageClass" name="verifyLogoInDashBoardIsDisplayedOrNot" time="8.874"/>
  <testcase classname="executePageClasses.ExecuteDashBoardPageClass" name="verifySuccessfullLogin" time="11.674"/>
  <testcase classname="executePageClasses.ExecuteDashBoardPageClass" name="verifyDeductionIsOpenOrNoT" time="6.695"/>
</testsuite> <!-- executePageClasses.ExecuteDashBoardPageClass -->
