<?xml version="1.0" encoding="UTF-8"?>
<!-- Generated by org.testng.reporters.JUnitReportReporter -->
<testsuite hostname="LAPTOP-EBKF2VK0" failures="0" tests="1" name="executePageClasses.ExecuteDeductionPageClass" time="13.394" errors="0" timestamp="2023-07-10T19:45:20 IST" skipped="0">
  <testcase classname="executePageClasses.ExecuteDeductionPageClass" name="verifyToAddANewDeduction" time="13.394"/>
</testsuite> <!-- executePageClasses.ExecuteDeductionPageClass -->
