<?xml version="1.0" encoding="UTF-8"?>
<!-- Generated by org.testng.reporters.JUnitReportReporter -->
<testsuite hostname="ARTHUR-" failures="0" tests="4" name="executePageClasses.ExecuteDashBoardPageClass" time="96.013" errors="0" timestamp="2023-07-26T18:16:58 IST" skipped="0">
  <testcase classname="executePageClasses.ExecuteDashBoardPageClass" name="verifySuccessfullLogin" time="44.341"/>
  <testcase classname="executePageClasses.ExecuteDashBoardPageClass" name="verifyDeductionIsOpenOrNoT" time="35.343"/>
  <testcase classname="executePageClasses.ExecuteDashBoardPageClass" name="verifyLoginMessageIsDisplayedOrNot" time="7.564"/>
  <testcase classname="executePageClasses.ExecuteDashBoardPageClass" name="verifyLogoInDashBoardIsDisplayedOrNot" time="8.765"/>
</testsuite> <!-- executePageClasses.ExecuteDashBoardPageClass -->
